<?xml version="1.0" encoding="UTF-8" ?>
<testsuite tests="1" failures="0" name="xyz.integrationtest.entity.GreetingEntityTest" time="0.528" errors="1" skipped="0">
  <properties>
[...]
</properties>
  <testcase classname="xyz.integrationtest.entity.GreetingEntityTest" name="xyz.integrationtest.entity.GreetingEntityTest" time="0.528">
    <error type="java.lang.ExceptionInInitializerError">java.lang.ExceptionInInitializerError
	at java.base/jdk.internal.reflect.DirectConstructorHandleAccessor.newInstance(DirectConstructorHandleAccessor.java:67)
	at java.base/java.lang.reflect.Constructor.newInstanceWithCaller(Constructor.java:499)
	at java.base/java.lang.reflect.Constructor.newInstance(Constructor.java:483)
	at java.base/java.util.concurrent.ForkJoinTask.getThrowableException(ForkJoinTask.java:562)
	at java.base/java.util.concurrent.ForkJoinTask.reportException(ForkJoinTask.java:591)
	at java.base/java.util.concurrent.ForkJoinTask.invoke(ForkJoinTask.java:689)
	at java.base/java.util.stream.ForEachOps$ForEachOp.evaluateParallel(ForEachOps.java:159)
	at java.base/java.util.stream.ForEachOps$ForEachOp$OfRef.evaluateParallel(ForEachOps.java:173)
	at java.base/java.util.stream.AbstractPipeline.evaluate(AbstractPipeline.java:233)
	at java.base/java.util.stream.ReferencePipeline.forEach(ReferencePipeline.java:596)
	at java.base/java.util.stream.ReferencePipeline$Head.forEach(ReferencePipeline.java:765)
	at com.fitbur.testify.integration.IntegrationTestVerifier.lambda$dependency$8(IntegrationTestVerifier.java:66)
	at java.base/java.security.AccessController.doPrivileged(AccessController.java:318)
	at com.fitbur.testify.integration.IntegrationTestVerifier.dependency(IntegrationTestVerifier.java:58)
	at com.fitbur.testify.integration.SpringIntegrationTest.classBlock(SpringIntegrationTest.java:193)
	at com.fitbur.testify.integration.SpringIntegrationTest.run(SpringIntegrationTest.java:158)
	at org.apache.maven.surefire.junit4.JUnit4Provider.execute(JUnit4Provider.java:252)
	at org.apache.maven.surefire.junit4.JUnit4Provider.executeTestSet(JUnit4Provider.java:141)
	at org.apache.maven.surefire.junit4.JUnit4Provider.invoke(JUnit4Provider.java:112)
	at java.base/jdk.internal.reflect.DirectMethodHandleAccessor.invoke(DirectMethodHandleAccessor.java:104)
	at java.base/java.lang.reflect.Method.invoke(Method.java:577)
	at org.apache.maven.surefire.util.ReflectionUtils.invokeMethodWithArray(ReflectionUtils.java:189)
	at org.apache.maven.surefire.booter.ProviderFactory$ProviderProxy.invoke(ProviderFactory.java:165)
	at org.apache.maven.surefire.booter.ProviderFactory.invokeProvider(ProviderFactory.java:85)
	at org.apache.maven.surefire.booter.ForkedBooter.runSuitesInProcess(ForkedBooter.java:115)
	at org.apache.maven.surefire.booter.ForkedBooter.main(ForkedBooter.java:75)
Caused by: java.lang.ExceptionInInitializerError
	at org.mockito.internal.exceptions.stacktrace.ConditionalStackTraceFilter.&lt;init&gt;(ConditionalStackTraceFilter.java:17)
	at org.mockito.exceptions.base.MockitoException.filterStackTrace(MockitoException.java:41)
	at org.mockito.exceptions.base.MockitoException.&lt;init&gt;(MockitoException.java:30)
	at org.mockito.internal.configuration.plugins.PluginLoader.loadPlugin(PluginLoader.java:35)
	at org.mockito.internal.configuration.plugins.PluginRegistry.&lt;init&gt;(PluginRegistry.java:13)
	at org.mockito.internal.configuration.plugins.Plugins.&lt;clinit&gt;(Plugins.java:12)
	at org.mockito.internal.util.MockUtil.&lt;clinit&gt;(MockUtil.java:23)
	at org.mockito.internal.MockitoCore.&lt;init&gt;(MockitoCore.java:40)
	at org.mockito.Mockito.&lt;clinit&gt;(Mockito.java:1103)
	at java.base/java.lang.Class.forName0(Native Method)
	at java.base/java.lang.Class.forName(Class.java:383)
	at java.base/java.lang.Class.forName(Class.java:376)
	at com.fitbur.testify.integration.IntegrationTestVerifier.lambda$null$7(IntegrationTestVerifier.java:68)
	at java.base/java.util.stream.ForEachOps$ForEachOp$OfRef.accept(ForEachOps.java:183)
	at java.base/java.util.HashMap$EntrySpliterator.forEachRemaining(HashMap.java:1850)
	at java.base/java.util.stream.AbstractPipeline.copyInto(AbstractPipeline.java:509)
	at java.base/java.util.stream.ForEachOps$ForEachTask.compute(ForEachOps.java:290)
	at java.base/java.util.concurrent.CountedCompleter.exec(CountedCompleter.java:754)
	at java.base/java.util.concurrent.ForkJoinTask.doExec(ForkJoinTask.java:373)
	at java.base/java.util.concurrent.ForkJoinPool$WorkQueue.topLevelExec(ForkJoinPool.java:1182)
	at java.base/java.util.concurrent.ForkJoinPool.scan(ForkJoinPool.java:1655)
	at java.base/java.util.concurrent.ForkJoinPool.runWorker(ForkJoinPool.java:1622)
	at java.base/java.util.concurrent.ForkJoinWorkerThread.run(ForkJoinWorkerThread.java:165)
Caused by: java.lang.NullPointerException: Cannot invoke &quot;org.mockito.internal.configuration.plugins.PluginRegistry.getStackTraceCleanerProvider()&quot; because &quot;org.mockito.internal.configuration.plugins.Plugins.registry&quot; is null
	at org.mockito.internal.configuration.plugins.Plugins.getStackTraceCleanerProvider(Plugins.java:18)
	at org.mockito.internal.exceptions.stacktrace.StackTraceFilter.&lt;clinit&gt;(StackTraceFilter.java:21)
	... 23 more
</error>
    <system-out>15:20:42.671 &amp;#27;[1;31mERROR&amp;#27;[0;39m &amp;#27;[1;35mtestify&amp;#27;[0;39m - null
</system-out>
  </testcase>
</testsuite>